This is XeTeX, Version 3.14159265-2.6-0.99992 (TeX Live 2015/Debian) (preloaded format=xelatex 2017.9.14)  6 NOV 2017 08:31
entering extended mode
 \write18 enabled.
 %&-line parsing enabled.
**CAV_SCELP_Slides.
(/usr/share/texlive/texmf-dist/tex/latex/tools/q.tex
! Interruption.
<to be read again> 
                   \begingroup 
l.1 
    %%
? q
OK, entering \batchmode...
LaTeX2e <2016/02/01>
Babel <3.9q> and hyphenation patterns for 81 language(s) loaded.
 File ignored
)
! Emergency stop.
<*> CAV_SCELP_Slides.
                     
*** (job aborted, no legal \end found)

 
Here is how much of TeX's memory you used:
 7 strings out of 493638
 171 string characters out of 6146796
 53561 words of memory out of 5000000
 3505 multiletter control sequences out of 15000+600000
 3640 words of font info for 14 fonts, out of 8000000 for 9000
 1328 hyphenation exceptions out of 8191
 5i,0n,1p,97b,8s stack positions out of 5000i,500n,10000p,200000b,80000s
No pages of output.
